Build started 4/12/2016 10:44:00 AM.
     1>Project "X:\stuff\CS426\assignment3\OpenGL_3D\OpenGL_3D\OpenGL_3D.vcxproj" on node 2 (build target(s)).
     1>InitializeBuildStatus:
         Creating "Debug\OpenGL_3D.unsuccessfulbuild" because "AlwaysCreate" was specified.
       GenerateTargetFrameworkMonikerAttribute:
       Skipping target "GenerateTargetFrameworkMonikerAttribute" because all output files are up-to-date with respect to the input files.
       ClCompile:
         All outputs are up-to-date.
         c:\Program Files\Microsoft Visual Studio 10.0\VC\bin\CL.exe /c /AI"C:\Program Files\Reference Assemblies\Microsoft\Framework\.NETFramework\v4.0" /Zi /clr:pure /nologo /W3 /WX- /Od /Oy- /D WIN32 /D _DEBUG /D _UNICODE /D UNICODE /EHa /MDd /GS /fp:precise /Zc:wchar_t /Zc:forScope /Yu"StdAfx.h" /Fp"Debug\OpenGL_3D.pch" /Fo"Debug\\" /Fd"Debug\vc100.pdb" /TP /FU"C:\Program Files\Reference Assemblies\Microsoft\Framework\.NETFramework\v4.0\System.Core.dll" /FU"C:\Program Files\Reference Assemblies\Microsoft\Framework\.NETFramework\v4.0\System.Data.dll" /FU"C:\Program Files\Reference Assemblies\Microsoft\Framework\.NETFramework\v4.0\System.dll" /FU"C:\Program Files\Reference Assemblies\Microsoft\Framework\.NETFramework\v4.0\System.Drawing.dll" /FU"C:\Program Files\Reference Assemblies\Microsoft\Framework\.NETFramework\v4.0\System.Windows.Forms.dll" /FU"C:\Program Files\Reference Assemblies\Microsoft\Framework\.NETFramework\v4.0\System.Xml.dll" /analyze- /errorReport:prompt OpenGL_3D.cpp /clr:nostdlib 
         OpenGL_3D.cpp
     1>x:\stuff\cs426\assignment3\opengl_3d\opengl_3d\OpenGL_WinApp.h(74): warning C4305: 'argument' : truncation from 'double' to 'GLfloat'
     1>x:\stuff\cs426\assignment3\opengl_3d\opengl_3d\OpenGL_WinApp.h(75): warning C4305: 'argument' : truncation from 'double' to 'GLfloat'
     1>x:\stuff\cs426\assignment3\opengl_3d\opengl_3d\Form1.h(117): error C2065: 'M_PI' : undeclared identifier
     1>Done Building Project "X:\stuff\CS426\assignment3\OpenGL_3D\OpenGL_3D\OpenGL_3D.vcxproj" (build target(s)) -- FAILED.

Build FAILED.

Time Elapsed 00:00:01.65
